2013-05-05 14:06:08,193 [http-bio-8080-exec-10] ERROR StackTrace  - Full Stack Trace:
java.io.FileNotFoundException: /Users/pozylon/.grails/2.2.2/projects/PIRadioAlarmWeb/tomcat/work/Tomcat/localhost/PIRadioAlarmWeb/grails-resources/js/application.js (No such file or directory)
	at java.io.FileInputStream.open(Native Method)
	at java.io.FileInputStream.<init>(FileInputStream.java:120)
	at org.codehaus.groovy.runtime.ResourceGroovyMethods.newInputStream(ResourceGroovyMethods.java:1811)
	at org.codehaus.groovy.runtime.dgm$795.invoke(Unknown Source)
	at org.codehaus.groovy.runtime.callsite.PojoMetaMethodSite$PojoMetaMethodSiteNoUnwrapNoCoerce.invoke(PojoMetaMethodSite.java:271)
	at org.codehaus.groovy.runtime.callsite.PojoMetaMethodSite.call(PojoMetaMethodSite.java:53)
	at org.codehaus.groovy.runtime.callsite.CallSiteArray.defaultCall(CallSiteArray.java:45)
	at org.codehaus.groovy.runtime.callsite.AbstractCallSite.call(AbstractCallSite.java:108)
	at org.codehaus.groovy.runtime.callsite.AbstractCallSite.call(AbstractCallSite.java:112)
	at org.grails.plugin.resource.ResourceMeta.newInputStream(ResourceMeta.groovy:205)
	at org.grails.plugin.resource.ResourceMeta$newInputStream$2.call(Unknown Source)
	at org.codehaus.groovy.runtime.callsite.CallSiteArray.defaultCall(CallSiteArray.java:45)
	at org.codehaus.groovy.runtime.callsite.AbstractCallSite.call(AbstractCallSite.java:108)
	at org.codehaus.groovy.runtime.callsite.AbstractCallSite.call(AbstractCallSite.java:112)
	at org.grails.plugin.resource.ResourceProcessor.processModernResource(ResourceProcessor.groovy:290)
	at org.grails.plugin.resource.ResourceProcessor$processModernResource$1.call(Unknown Source)
	at org.codehaus.groovy.runtime.callsite.CallSiteArray.defaultCall(CallSiteArray.java:45)
	at org.codehaus.groovy.runtime.callsite.AbstractCallSite.call(AbstractCallSite.java:108)
	at org.codehaus.groovy.runtime.callsite.AbstractCallSite.call(AbstractCallSite.java:120)
	at org.grails.plugin.resource.ProcessingFilter.doFilter(ProcessingFilter.groovy:39)
	at org.apache.catalina.core.ApplicationFilterChain.internalDoFilter(ApplicationFilterChain.java:243)
	at org.apache.catalina.core.ApplicationFilterChain.doFilter(ApplicationFilterChain.java:210)
	at org.springframework.web.filter.CharacterEncodingFilter.doFilterInternal(CharacterEncodingFilter.java:88)
	at org.springframework.web.filter.OncePerRequestFilter.doFilter(OncePerRequestFilter.java:76)
	at org.springframework.web.filter.DelegatingFilterProxy.invokeDelegate(DelegatingFilterProxy.java:346)
	at org.springframework.web.filter.DelegatingFilterProxy.doFilter(DelegatingFilterProxy.java:259)
	at org.apache.catalina.core.ApplicationFilterChain.internalDoFilter(ApplicationFilterChain.java:243)
	at org.apache.catalina.core.ApplicationFilterChain.doFilter(ApplicationFilterChain.java:210)
	at org.apache.catalina.core.StandardWrapperValve.invoke(StandardWrapperValve.java:222)
	at org.apache.catalina.core.StandardContextValve.invoke(StandardContextValve.java:123)
	at org.apache.catalina.core.StandardHostValve.invoke(StandardHostValve.java:171)
	at org.apache.catalina.valves.ErrorReportValve.invoke(ErrorReportValve.java:99)
	at org.apache.catalina.core.StandardEngineValve.invoke(StandardEngineValve.java:118)
	at org.apache.catalina.connector.CoyoteAdapter.service(CoyoteAdapter.java:408)
	at org.apache.coyote.http11.AbstractHttp11Processor.process(AbstractHttp11Processor.java:1009)
	at org.apache.coyote.AbstractProtocol$AbstractConnectionHandler.process(AbstractProtocol.java:589)
	at org.apache.tomcat.util.net.JIoEndpoint$SocketProcessor.run(JIoEndpoint.java:310)
	at java.util.concurrent.ThreadPoolExecutor$Worker.runTask(ThreadPoolExecutor.java:895)
	at java.util.concurrent.ThreadPoolExecutor$Worker.run(ThreadPoolExecutor.java:918)
	at java.lang.Thread.run(Thread.java:680)
2013-05-05 14:06:08,201 [http-bio-8080-exec-10] ERROR StackTrace  - Full Stack Trace:
java.io.FileNotFoundException: /Users/pozylon/.grails/2.2.2/projects/PIRadioAlarmWeb/tomcat/work/Tomcat/localhost/PIRadioAlarmWeb/grails-resources/js/application.js (No such file or directory)
	at java.io.FileInputStream.<init>(FileInputStream.java:120)
	at org.grails.plugin.resource.ResourceMeta.newInputStream(ResourceMeta.groovy:205)
	at org.grails.plugin.resource.ResourceProcessor.processModernResource(ResourceProcessor.groovy:290)
	at org.grails.plugin.resource.ProcessingFilter.doFilter(ProcessingFilter.groovy:39)
	at java.util.concurrent.ThreadPoolExecutor$Worker.runTask(ThreadPoolExecutor.java:895)
	at java.util.concurrent.ThreadPoolExecutor$Worker.run(ThreadPoolExecutor.java:918)
	at java.lang.Thread.run(Thread.java:680)
2013-05-05 14:06:08,205 [http-bio-8080-exec-10] ERROR StackTrace  - Full Stack Trace:
java.io.FileNotFoundException: /Users/pozylon/.grails/2.2.2/projects/PIRadioAlarmWeb/tomcat/work/Tomcat/localhost/PIRadioAlarmWeb/grails-resources/js/application.js (No such file or directory)
	at java.io.FileInputStream.<init>(FileInputStream.java:120)
	at org.grails.plugin.resource.ResourceMeta.newInputStream(ResourceMeta.groovy:205)
	at org.grails.plugin.resource.ResourceProcessor.processModernResource(ResourceProcessor.groovy:290)
	at org.grails.plugin.resource.ProcessingFilter.doFilter(ProcessingFilter.groovy:39)
	at java.util.concurrent.ThreadPoolExecutor$Worker.runTask(ThreadPoolExecutor.java:895)
	at java.util.concurrent.ThreadPoolExecutor$Worker.run(ThreadPoolExecutor.java:918)
	at java.lang.Thread.run(Thread.java:680)
2013-05-05 14:06:08,205 [http-bio-8080-exec-10] ERROR StackTrace  - Full Stack Trace:
java.io.FileNotFoundException: /Users/pozylon/.grails/2.2.2/projects/PIRadioAlarmWeb/tomcat/work/Tomcat/localhost/PIRadioAlarmWeb/grails-resources/js/application.js (No such file or directory)
	at java.io.FileInputStream.<init>(FileInputStream.java:120)
	at org.grails.plugin.resource.ResourceMeta.newInputStream(ResourceMeta.groovy:205)
	at org.grails.plugin.resource.ResourceProcessor.processModernResource(ResourceProcessor.groovy:290)
	at org.grails.plugin.resource.ProcessingFilter.doFilter(ProcessingFilter.groovy:39)
	at java.util.concurrent.ThreadPoolExecutor$Worker.runTask(ThreadPoolExecutor.java:895)
	at java.util.concurrent.ThreadPoolExecutor$Worker.run(ThreadPoolExecutor.java:918)
	at java.lang.Thread.run(Thread.java:680)
2013-05-05 14:06:08,272 [http-bio-8080-exec-10] ERROR StackTrace  - Full Stack Trace:
java.io.FileNotFoundException: /Users/pozylon/.grails/2.2.2/projects/PIRadioAlarmWeb/tomcat/work/Tomcat/localhost/PIRadioAlarmWeb/grails-resources/js/application.js (No such file or directory)
	at java.io.FileInputStream.<init>(FileInputStream.java:120)
	at org.grails.plugin.resource.ResourceMeta.newInputStream(ResourceMeta.groovy:205)
	at org.grails.plugin.resource.ResourceProcessor.processModernResource(ResourceProcessor.groovy:290)
	at org.grails.plugin.resource.ProcessingFilter.doFilter(ProcessingFilter.groovy:39)
	at java.util.concurrent.ThreadPoolExecutor$Worker.runTask(ThreadPoolExecutor.java:895)
	at java.util.concurrent.ThreadPoolExecutor$Worker.run(ThreadPoolExecutor.java:918)
	at java.lang.Thread.run(Thread.java:680)
2013-05-05 14:06:08,272 [http-bio-8080-exec-10] ERROR StackTrace  - Full Stack Trace:
java.io.FileNotFoundException: /Users/pozylon/.grails/2.2.2/projects/PIRadioAlarmWeb/tomcat/work/Tomcat/localhost/PIRadioAlarmWeb/grails-resources/js/application.js (No such file or directory)
	at java.io.FileInputStream.<init>(FileInputStream.java:120)
	at org.grails.plugin.resource.ResourceMeta.newInputStream(ResourceMeta.groovy:205)
	at org.grails.plugin.resource.ResourceProcessor.processModernResource(ResourceProcessor.groovy:290)
	at org.grails.plugin.resource.ProcessingFilter.doFilter(ProcessingFilter.groovy:39)
	at java.util.concurrent.ThreadPoolExecutor$Worker.runTask(ThreadPoolExecutor.java:895)
	at java.util.concurrent.ThreadPoolExecutor$Worker.run(ThreadPoolExecutor.java:918)
	at java.lang.Thread.run(Thread.java:680)
2013-05-05 14:06:30,240 [http-bio-8080-exec-9] ERROR StackTrace  - Full Stack Trace:
java.io.FileNotFoundException: /Users/pozylon/.grails/2.2.2/projects/PIRadioAlarmWeb/tomcat/work/Tomcat/localhost/PIRadioAlarmWeb/grails-resources/js/application.js (No such file or directory)
	at java.io.FileInputStream.open(Native Method)
	at java.io.FileInputStream.<init>(FileInputStream.java:120)
	at org.codehaus.groovy.runtime.ResourceGroovyMethods.newInputStream(ResourceGroovyMethods.java:1811)
	at org.codehaus.groovy.runtime.dgm$795.invoke(Unknown Source)
	at org.codehaus.groovy.runtime.callsite.PojoMetaMethodSite$PojoMetaMethodSiteNoUnwrapNoCoerce.invoke(PojoMetaMethodSite.java:271)
	at org.codehaus.groovy.runtime.callsite.PojoMetaMethodSite.call(PojoMetaMethodSite.java:53)
	at org.codehaus.groovy.runtime.callsite.CallSiteArray.defaultCall(CallSiteArray.java:45)
	at org.codehaus.groovy.runtime.callsite.AbstractCallSite.call(AbstractCallSite.java:108)
	at org.codehaus.groovy.runtime.callsite.AbstractCallSite.call(AbstractCallSite.java:112)
	at org.grails.plugin.resource.ResourceMeta.newInputStream(ResourceMeta.groovy:205)
	at org.grails.plugin.resource.ResourceMeta$newInputStream.call(Unknown Source)
	at org.codehaus.groovy.runtime.callsite.CallSiteArray.defaultCall(CallSiteArray.java:45)
	at org.codehaus.groovy.runtime.callsite.AbstractCallSite.call(AbstractCallSite.java:108)
	at org.codehaus.groovy.runtime.callsite.AbstractCallSite.call(AbstractCallSite.java:112)
	at org.grails.plugin.resource.ResourceProcessor.processModernResource(ResourceProcessor.groovy:290)
	at org.grails.plugin.resource.ResourceProcessor$processModernResource.call(Unknown Source)
	at org.codehaus.groovy.runtime.callsite.CallSiteArray.defaultCall(CallSiteArray.java:45)
	at org.codehaus.groovy.runtime.callsite.AbstractCallSite.call(AbstractCallSite.java:108)
	at org.codehaus.groovy.runtime.callsite.AbstractCallSite.call(AbstractCallSite.java:120)
	at org.grails.plugin.resource.ProcessingFilter.doFilter(ProcessingFilter.groovy:39)
	at org.apache.catalina.core.ApplicationFilterChain.internalDoFilter(ApplicationFilterChain.java:243)
	at org.apache.catalina.core.ApplicationFilterChain.doFilter(ApplicationFilterChain.java:210)
	at org.springframework.web.filter.CharacterEncodingFilter.doFilterInternal(CharacterEncodingFilter.java:88)
	at org.springframework.web.filter.OncePerRequestFilter.doFilter(OncePerRequestFilter.java:76)
	at org.springframework.web.filter.DelegatingFilterProxy.invokeDelegate(DelegatingFilterProxy.java:346)
	at org.springframework.web.filter.DelegatingFilterProxy.doFilter(DelegatingFilterProxy.java:259)
	at org.apache.catalina.core.ApplicationFilterChain.internalDoFilter(ApplicationFilterChain.java:243)
	at org.apache.catalina.core.ApplicationFilterChain.doFilter(ApplicationFilterChain.java:210)
	at org.apache.catalina.core.StandardWrapperValve.invoke(StandardWrapperValve.java:222)
	at org.apache.catalina.core.StandardContextValve.invoke(StandardContextValve.java:123)
	at org.apache.catalina.core.StandardHostValve.invoke(StandardHostValve.java:171)
	at org.apache.catalina.valves.ErrorReportValve.invoke(ErrorReportValve.java:99)
	at org.apache.catalina.core.StandardEngineValve.invoke(StandardEngineValve.java:118)
	at org.apache.catalina.connector.CoyoteAdapter.service(CoyoteAdapter.java:408)
	at org.apache.coyote.http11.AbstractHttp11Processor.process(AbstractHttp11Processor.java:1009)
	at org.apache.coyote.AbstractProtocol$AbstractConnectionHandler.process(AbstractProtocol.java:589)
	at org.apache.tomcat.util.net.JIoEndpoint$SocketProcessor.run(JIoEndpoint.java:312)
	at java.util.concurrent.ThreadPoolExecutor$Worker.runTask(ThreadPoolExecutor.java:895)
	at java.util.concurrent.ThreadPoolExecutor$Worker.run(ThreadPoolExecutor.java:918)
	at java.lang.Thread.run(Thread.java:680)
2013-05-05 14:06:30,241 [http-bio-8080-exec-9] ERROR StackTrace  - Full Stack Trace:
java.io.FileNotFoundException: /Users/pozylon/.grails/2.2.2/projects/PIRadioAlarmWeb/tomcat/work/Tomcat/localhost/PIRadioAlarmWeb/grails-resources/js/application.js (No such file or directory)
	at java.io.FileInputStream.<init>(FileInputStream.java:120)
	at org.grails.plugin.resource.ResourceMeta.newInputStream(ResourceMeta.groovy:205)
	at org.grails.plugin.resource.ResourceProcessor.processModernResource(ResourceProcessor.groovy:290)
	at org.grails.plugin.resource.ProcessingFilter.doFilter(ProcessingFilter.groovy:39)
	at java.util.concurrent.ThreadPoolExecutor$Worker.runTask(ThreadPoolExecutor.java:895)
	at java.util.concurrent.ThreadPoolExecutor$Worker.run(ThreadPoolExecutor.java:918)
	at java.lang.Thread.run(Thread.java:680)
2013-05-05 14:06:30,241 [http-bio-8080-exec-9] ERROR StackTrace  - Full Stack Trace:
java.io.FileNotFoundException: /Users/pozylon/.grails/2.2.2/projects/PIRadioAlarmWeb/tomcat/work/Tomcat/localhost/PIRadioAlarmWeb/grails-resources/js/application.js (No such file or directory)
	at java.io.FileInputStream.<init>(FileInputStream.java:120)
	at org.grails.plugin.resource.ResourceMeta.newInputStream(ResourceMeta.groovy:205)
	at org.grails.plugin.resource.ResourceProcessor.processModernResource(ResourceProcessor.groovy:290)
	at org.grails.plugin.resource.ProcessingFilter.doFilter(ProcessingFilter.groovy:39)
	at java.util.concurrent.ThreadPoolExecutor$Worker.runTask(ThreadPoolExecutor.java:895)
	at java.util.concurrent.ThreadPoolExecutor$Worker.run(ThreadPoolExecutor.java:918)
	at java.lang.Thread.run(Thread.java:680)
2013-05-05 14:06:30,242 [http-bio-8080-exec-9] ERROR StackTrace  - Full Stack Trace:
java.io.FileNotFoundException: /Users/pozylon/.grails/2.2.2/projects/PIRadioAlarmWeb/tomcat/work/Tomcat/localhost/PIRadioAlarmWeb/grails-resources/js/application.js (No such file or directory)
	at java.io.FileInputStream.<init>(FileInputStream.java:120)
	at org.grails.plugin.resource.ResourceMeta.newInputStream(ResourceMeta.groovy:205)
	at org.grails.plugin.resource.ResourceProcessor.processModernResource(ResourceProcessor.groovy:290)
	at org.grails.plugin.resource.ProcessingFilter.doFilter(ProcessingFilter.groovy:39)
	at java.util.concurrent.ThreadPoolExecutor$Worker.runTask(ThreadPoolExecutor.java:895)
	at java.util.concurrent.ThreadPoolExecutor$Worker.run(ThreadPoolExecutor.java:918)
	at java.lang.Thread.run(Thread.java:680)
2013-05-05 14:06:30,266 [http-bio-8080-exec-9] ERROR StackTrace  - Full Stack Trace:
java.io.FileNotFoundException: /Users/pozylon/.grails/2.2.2/projects/PIRadioAlarmWeb/tomcat/work/Tomcat/localhost/PIRadioAlarmWeb/grails-resources/js/application.js (No such file or directory)
	at java.io.FileInputStream.<init>(FileInputStream.java:120)
	at org.grails.plugin.resource.ResourceMeta.newInputStream(ResourceMeta.groovy:205)
	at org.grails.plugin.resource.ResourceProcessor.processModernResource(ResourceProcessor.groovy:290)
	at org.grails.plugin.resource.ProcessingFilter.doFilter(ProcessingFilter.groovy:39)
	at java.util.concurrent.ThreadPoolExecutor$Worker.runTask(ThreadPoolExecutor.java:895)
	at java.util.concurrent.ThreadPoolExecutor$Worker.run(ThreadPoolExecutor.java:918)
	at java.lang.Thread.run(Thread.java:680)
2013-05-05 14:06:30,266 [http-bio-8080-exec-9] ERROR StackTrace  - Full Stack Trace:
java.io.FileNotFoundException: /Users/pozylon/.grails/2.2.2/projects/PIRadioAlarmWeb/tomcat/work/Tomcat/localhost/PIRadioAlarmWeb/grails-resources/js/application.js (No such file or directory)
	at java.io.FileInputStream.<init>(FileInputStream.java:120)
	at org.grails.plugin.resource.ResourceMeta.newInputStream(ResourceMeta.groovy:205)
	at org.grails.plugin.resource.ResourceProcessor.processModernResource(ResourceProcessor.groovy:290)
	at org.grails.plugin.resource.ProcessingFilter.doFilter(ProcessingFilter.groovy:39)
	at java.util.concurrent.ThreadPoolExecutor$Worker.runTask(ThreadPoolExecutor.java:895)
	at java.util.concurrent.ThreadPoolExecutor$Worker.run(ThreadPoolExecutor.java:918)
	at java.lang.Thread.run(Thread.java:680)
2013-05-05 14:07:47,190 [http-bio-8080-exec-10] ERROR StackTrace  - Full Stack Trace:
java.io.FileNotFoundException: /Users/pozylon/.grails/2.2.2/projects/PIRadioAlarmWeb/tomcat/work/Tomcat/localhost/PIRadioAlarmWeb/grails-resources/js/application.js (No such file or directory)
	at java.io.FileInputStream.open(Native Method)
	at java.io.FileInputStream.<init>(FileInputStream.java:120)
	at org.codehaus.groovy.runtime.ResourceGroovyMethods.newInputStream(ResourceGroovyMethods.java:1811)
	at org.codehaus.groovy.runtime.dgm$795.invoke(Unknown Source)
	at org.codehaus.groovy.runtime.callsite.PojoMetaMethodSite$PojoMetaMethodSiteNoUnwrapNoCoerce.invoke(PojoMetaMethodSite.java:271)
	at org.codehaus.groovy.runtime.callsite.PojoMetaMethodSite.call(PojoMetaMethodSite.java:53)
	at org.codehaus.groovy.runtime.callsite.AbstractCallSite.call(AbstractCallSite.java:112)
	at org.grails.plugin.resource.ResourceMeta.newInputStream(ResourceMeta.groovy:205)
	at org.grails.plugin.resource.ResourceMeta$newInputStream.call(Unknown Source)
	at org.grails.plugin.resource.ResourceProcessor.processModernResource(ResourceProcessor.groovy:290)
	at org.grails.plugin.resource.ResourceProcessor$processModernResource.call(Unknown Source)
	at org.grails.plugin.resource.ProcessingFilter.doFilter(ProcessingFilter.groovy:39)
	at org.apache.catalina.core.ApplicationFilterChain.internalDoFilter(ApplicationFilterChain.java:243)
	at org.apache.catalina.core.ApplicationFilterChain.doFilter(ApplicationFilterChain.java:210)
	at org.springframework.web.filter.CharacterEncodingFilter.doFilterInternal(CharacterEncodingFilter.java:88)
	at org.springframework.web.filter.OncePerRequestFilter.doFilter(OncePerRequestFilter.java:76)
	at org.springframework.web.filter.DelegatingFilterProxy.invokeDelegate(DelegatingFilterProxy.java:346)
	at org.springframework.web.filter.DelegatingFilterProxy.doFilter(DelegatingFilterProxy.java:259)
	at org.apache.catalina.core.ApplicationFilterChain.internalDoFilter(ApplicationFilterChain.java:243)
	at org.apache.catalina.core.ApplicationFilterChain.doFilter(ApplicationFilterChain.java:210)
	at org.apache.catalina.core.StandardWrapperValve.invoke(StandardWrapperValve.java:222)
	at org.apache.catalina.core.StandardContextValve.invoke(StandardContextValve.java:123)
	at org.apache.catalina.core.StandardHostValve.invoke(StandardHostValve.java:171)
	at org.apache.catalina.valves.ErrorReportValve.invoke(ErrorReportValve.java:99)
	at org.apache.catalina.core.StandardEngineValve.invoke(StandardEngineValve.java:118)
	at org.apache.catalina.connector.CoyoteAdapter.service(CoyoteAdapter.java:408)
	at org.apache.coyote.http11.AbstractHttp11Processor.process(AbstractHttp11Processor.java:1009)
	at org.apache.coyote.AbstractProtocol$AbstractConnectionHandler.process(AbstractProtocol.java:589)
	at org.apache.tomcat.util.net.JIoEndpoint$SocketProcessor.run(JIoEndpoint.java:312)
	at java.util.concurrent.ThreadPoolExecutor$Worker.runTask(ThreadPoolExecutor.java:895)
	at java.util.concurrent.ThreadPoolExecutor$Worker.run(ThreadPoolExecutor.java:918)
	at java.lang.Thread.run(Thread.java:680)
2013-05-05 14:07:47,191 [http-bio-8080-exec-10] ERROR StackTrace  - Full Stack Trace:
java.io.FileNotFoundException: /Users/pozylon/.grails/2.2.2/projects/PIRadioAlarmWeb/tomcat/work/Tomcat/localhost/PIRadioAlarmWeb/grails-resources/js/application.js (No such file or directory)
	at java.io.FileInputStream.<init>(FileInputStream.java:120)
	at org.grails.plugin.resource.ResourceMeta.newInputStream(ResourceMeta.groovy:205)
	at org.grails.plugin.resource.ResourceProcessor.processModernResource(ResourceProcessor.groovy:290)
	at org.grails.plugin.resource.ProcessingFilter.doFilter(ProcessingFilter.groovy:39)
	at java.util.concurrent.ThreadPoolExecutor$Worker.runTask(ThreadPoolExecutor.java:895)
	at java.util.concurrent.ThreadPoolExecutor$Worker.run(ThreadPoolExecutor.java:918)
	at java.lang.Thread.run(Thread.java:680)
2013-05-05 14:07:47,191 [http-bio-8080-exec-10] ERROR StackTrace  - Full Stack Trace:
java.io.FileNotFoundException: /Users/pozylon/.grails/2.2.2/projects/PIRadioAlarmWeb/tomcat/work/Tomcat/localhost/PIRadioAlarmWeb/grails-resources/js/application.js (No such file or directory)
	at java.io.FileInputStream.<init>(FileInputStream.java:120)
	at org.grails.plugin.resource.ResourceMeta.newInputStream(ResourceMeta.groovy:205)
	at org.grails.plugin.resource.ResourceProcessor.processModernResource(ResourceProcessor.groovy:290)
	at org.grails.plugin.resource.ProcessingFilter.doFilter(ProcessingFilter.groovy:39)
	at java.util.concurrent.ThreadPoolExecutor$Worker.runTask(ThreadPoolExecutor.java:895)
	at java.util.concurrent.ThreadPoolExecutor$Worker.run(ThreadPoolExecutor.java:918)
	at java.lang.Thread.run(Thread.java:680)
2013-05-05 14:07:47,191 [http-bio-8080-exec-10] ERROR StackTrace  - Full Stack Trace:
java.io.FileNotFoundException: /Users/pozylon/.grails/2.2.2/projects/PIRadioAlarmWeb/tomcat/work/Tomcat/localhost/PIRadioAlarmWeb/grails-resources/js/application.js (No such file or directory)
	at java.io.FileInputStream.<init>(FileInputStream.java:120)
	at org.grails.plugin.resource.ResourceMeta.newInputStream(ResourceMeta.groovy:205)
	at org.grails.plugin.resource.ResourceProcessor.processModernResource(ResourceProcessor.groovy:290)
	at org.grails.plugin.resource.ProcessingFilter.doFilter(ProcessingFilter.groovy:39)
	at java.util.concurrent.ThreadPoolExecutor$Worker.runTask(ThreadPoolExecutor.java:895)
	at java.util.concurrent.ThreadPoolExecutor$Worker.run(ThreadPoolExecutor.java:918)
	at java.lang.Thread.run(Thread.java:680)
2013-05-05 14:07:47,217 [http-bio-8080-exec-10] ERROR StackTrace  - Full Stack Trace:
java.io.FileNotFoundException: /Users/pozylon/.grails/2.2.2/projects/PIRadioAlarmWeb/tomcat/work/Tomcat/localhost/PIRadioAlarmWeb/grails-resources/js/application.js (No such file or directory)
	at java.io.FileInputStream.<init>(FileInputStream.java:120)
	at org.grails.plugin.resource.ResourceMeta.newInputStream(ResourceMeta.groovy:205)
	at org.grails.plugin.resource.ResourceProcessor.processModernResource(ResourceProcessor.groovy:290)
	at org.grails.plugin.resource.ProcessingFilter.doFilter(ProcessingFilter.groovy:39)
	at java.util.concurrent.ThreadPoolExecutor$Worker.runTask(ThreadPoolExecutor.java:895)
	at java.util.concurrent.ThreadPoolExecutor$Worker.run(ThreadPoolExecutor.java:918)
	at java.lang.Thread.run(Thread.java:680)
2013-05-05 14:07:47,218 [http-bio-8080-exec-10] ERROR StackTrace  - Full Stack Trace:
java.io.FileNotFoundException: /Users/pozylon/.grails/2.2.2/projects/PIRadioAlarmWeb/tomcat/work/Tomcat/localhost/PIRadioAlarmWeb/grails-resources/js/application.js (No such file or directory)
	at java.io.FileInputStream.<init>(FileInputStream.java:120)
	at org.grails.plugin.resource.ResourceMeta.newInputStream(ResourceMeta.groovy:205)
	at org.grails.plugin.resource.ResourceProcessor.processModernResource(ResourceProcessor.groovy:290)
	at org.grails.plugin.resource.ProcessingFilter.doFilter(ProcessingFilter.groovy:39)
	at java.util.concurrent.ThreadPoolExecutor$Worker.runTask(ThreadPoolExecutor.java:895)
	at java.util.concurrent.ThreadPoolExecutor$Worker.run(ThreadPoolExecutor.java:918)
	at java.lang.Thread.run(Thread.java:680)
